This is pdfTeX, Version 3.14159265-2.6-1.40.15 (TeX Live 2014) (preloaded format=pdflatex 2014.11.10)  29 MAY 2015 12:01
entering extended mode
 \write18 enabled.
 %&-line parsing enabled.
**"/Users/wrd/Documents/Master Thesis/Thesis/medieninformatik-arbeit.tex"
(/Users/wrd/Documents/Master Thesis/Thesis/medieninformatik-arbeit.tex
LaTeX2e <2014/05/01>
Babel <3.9k> and hyphenation patterns for 78 languages loaded.
(/usr/local/texlive/2014/texmf-dist/tex/latex/base/article.cls
Document Class: article 2007/10/19 v1.4h Standard LaTeX document class
(/usr/local/texlive/2014/texmf-dist/tex/latex/base/size11.clo
File: size11.clo 2007/10/19 v1.4h Standard LaTeX file (size option)
)
\c@part=\count79
\c@section=\count80
\c@subsection=\count81
\c@subsubsection=\count82
\c@paragraph=\count83
\c@subparagraph=\count84
\c@figure=\count85
\c@table=\count86
\abovecaptionskip=\skip41
\belowcaptionskip=\skip42
\bibindent=\dimen102
) (/usr/local/texlive/2014/texmf-dist/tex/latex/base/fontenc.sty
Package: fontenc 2005/09/27 v1.99g Standard LaTeX package
(/usr/local/texlive/2014/texmf-dist/tex/latex/base/t1enc.def
File: t1enc.def 2005/09/27 v1.99g Standard LaTeX file
LaTeX Font Info:    Redeclaring font encoding T1 on input line 43.
)) (/usr/local/texlive/2014/texmf-dist/tex/latex/base/inputenc.sty
Package: inputenc 2014/04/30 v1.2b Input encoding file
\inpenc@prehook=\toks14
\inpenc@posthook=\toks15
(/usr/local/texlive/2014/texmf-dist/tex/latex/base/latin1.def
File: latin1.def 2014/04/30 v1.2b Input encoding file
)) (/usr/local/texlive/2014/texmf-dist/tex/generic/babel/babel.sty
Package: babel 2014/03/24 3.9k The Babel package
(/usr/local/texlive/2014/texmf-dist/tex/generic/babel-german/ngerman.ldf
Language: ngerman 2013/12/13 v2.7 German support for babel (new orthography)
(/usr/local/texlive/2014/texmf-dist/tex/generic/babel-german/ngermanb.ldf
Language: ngermanb 2013/12/13 v2.7 German support for babel (new orthography)
(/usr/local/texlive/2014/texmf-dist/tex/generic/babel/babel.def
File: babel.def 2014/03/24 3.9k Babel common definitions
\babel@savecnt=\count87
\U@D=\dimen103
)
\l@naustrian = a dialect from \language\l@ngerman 
\l@nswissgerman = a dialect from \language\l@ngerman 
Package babel Info: Making " an active character on input line 88.
)) (/usr/local/texlive/2014/texmf-dist/tex/generic/babel-english/english.ldf
Language: english 2012/08/20 v3.3p English support from the babel system
\l@canadian = a dialect from \language\l@american 
\l@australian = a dialect from \language\l@british 
\l@newzealand = a dialect from \language\l@british 
)) (/usr/local/texlive/2014/texmf-dist/tex/latex/psnfss/mathptmx.sty
Package: mathptmx 2005/04/12 PSNFSS-v9.2a Times w/ Math, improved (SPQR, WaS) 
LaTeX Font Info:    Redeclaring symbol font `operators' on input line 28.
LaTeX Font Info:    Overwriting symbol font `operators' in version `normal'
(Font)                  OT1/cmr/m/n --> OT1/ztmcm/m/n on input line 28.
LaTeX Font Info:    Overwriting symbol font `operators' in version `bold'
(Font)                  OT1/cmr/bx/n --> OT1/ztmcm/m/n on input line 28.
LaTeX Font Info:    Redeclaring symbol font `letters' on input line 29.
LaTeX Font Info:    Overwriting symbol font `letters' in version `normal'
(Font)                  OML/cmm/m/it --> OML/ztmcm/m/it on input line 29.
LaTeX Font Info:    Overwriting symbol font `letters' in version `bold'
(Font)                  OML/cmm/b/it --> OML/ztmcm/m/it on input line 29.
LaTeX Font Info:    Redeclaring symbol font `symbols' on input line 30.
LaTeX Font Info:    Overwriting symbol font `symbols' in version `normal'
(Font)                  OMS/cmsy/m/n --> OMS/ztmcm/m/n on input line 30.
LaTeX Font Info:    Overwriting symbol font `symbols' in version `bold'
(Font)                  OMS/cmsy/b/n --> OMS/ztmcm/m/n on input line 30.
LaTeX Font Info:    Redeclaring symbol font `largesymbols' on input line 31.
LaTeX Font Info:    Overwriting symbol font `largesymbols' in version `normal'
(Font)                  OMX/cmex/m/n --> OMX/ztmcm/m/n on input line 31.
LaTeX Font Info:    Overwriting symbol font `largesymbols' in version `bold'
(Font)                  OMX/cmex/m/n --> OMX/ztmcm/m/n on input line 31.
\symbold=\mathgroup4
\symitalic=\mathgroup5
LaTeX Font Info:    Redeclaring math alphabet \mathbf on input line 34.
LaTeX Font Info:    Overwriting math alphabet `\mathbf' in version `normal'
(Font)                  OT1/cmr/bx/n --> OT1/ptm/bx/n on input line 34.
LaTeX Font Info:    Overwriting math alphabet `\mathbf' in version `bold'
(Font)                  OT1/cmr/bx/n --> OT1/ptm/bx/n on input line 34.
LaTeX Font Info:    Redeclaring math alphabet \mathit on input line 35.
LaTeX Font Info:    Overwriting math alphabet `\mathit' in version `normal'
(Font)                  OT1/cmr/m/it --> OT1/ptm/m/it on input line 35.
LaTeX Font Info:    Overwriting math alphabet `\mathit' in version `bold'
(Font)                  OT1/cmr/bx/it --> OT1/ptm/m/it on input line 35.
LaTeX Info: Redefining \hbar on input line 50.
) (/usr/local/texlive/2014/texmf-dist/tex/latex/subfiles/subfiles.sty
Package: subfiles 2012/05/23 Federico Garcia
(/usr/local/texlive/2014/texmf-dist/tex/latex/tools/verbatim.sty
Package: verbatim 2003/08/22 v1.5q LaTeX2e package for verbatim enhancements
\every@verbatim=\toks16
\verbatim@line=\toks17
\verbatim@in@stream=\read1
)) (/usr/local/texlive/2014/texmf-dist/tex/latex/caption/caption.sty
Package: caption 2013/05/02 v3.3-89 Customizing captions (AR)
(/usr/local/texlive/2014/texmf-dist/tex/latex/caption/caption3.sty
Package: caption3 2013/05/02 v1.6-88 caption3 kernel (AR)
Package caption3 Info: TeX engine: e-TeX on input line 57.
(/usr/local/texlive/2014/texmf-dist/tex/latex/graphics/keyval.sty
Package: keyval 2014/05/08 v1.15 key=value parser (DPC)
\KV@toks@=\toks18
)
\captionmargin=\dimen104
\captionmargin@=\dimen105
\captionwidth=\dimen106
\caption@tempdima=\dimen107
\caption@indent=\dimen108
\caption@parindent=\dimen109
\caption@hangindent=\dimen110
)
\c@ContinuedFloat=\count88
) (/usr/local/texlive/2014/texmf-dist/tex/latex/pdfpages/pdfpages.sty
Package: pdfpages 2013/08/25 v0.4v Insert pages of external PDF documents (AM)
(/usr/local/texlive/2014/texmf-dist/tex/latex/base/ifthen.sty
Package: ifthen 2001/05/26 v1.1c Standard LaTeX ifthen package (DPC)
) (/usr/local/texlive/2014/texmf-dist/tex/latex/tools/calc.sty
Package: calc 2007/08/22 v4.3 Infix arithmetic (KKT,FJ)
\calc@Acount=\count89
\calc@Bcount=\count90
\calc@Adimen=\dimen111
\calc@Bdimen=\dimen112
\calc@Askip=\skip43
\calc@Bskip=\skip44
LaTeX Info: Redefining \setlength on input line 75.
LaTeX Info: Redefining \addtolength on input line 76.
\calc@Ccount=\count91
\calc@Cskip=\skip45
) (/usr/local/texlive/2014/texmf-dist/tex/latex/eso-pic/eso-pic.sty
Package: eso-pic 2013/10/06 v2.0d eso-pic (RN)
(/usr/local/texlive/2014/texmf-dist/tex/generic/oberdiek/atbegshi.sty
Package: atbegshi 2011/10/05 v1.16 At begin shipout hook (HO)
(/usr/local/texlive/2014/texmf-dist/tex/generic/oberdiek/infwarerr.sty
Package: infwarerr 2010/04/08 v1.3 Providing info/warning/error messages (HO)
) (/usr/local/texlive/2014/texmf-dist/tex/generic/oberdiek/ltxcmds.sty
Package: ltxcmds 2011/11/09 v1.22 LaTeX kernel commands for general use (HO)
) (/usr/local/texlive/2014/texmf-dist/tex/generic/oberdiek/ifpdf.sty
Package: ifpdf 2011/01/30 v2.3 Provides the ifpdf switch (HO)
Package ifpdf Info: pdfTeX in PDF mode is detected.
)) (/usr/local/texlive/2014/texmf-dist/tex/latex/xcolor/xcolor.sty
Package: xcolor 2007/01/21 v2.11 LaTeX color extensions (UK)
(/usr/local/texlive/2014/texmf-dist/tex/latex/latexconfig/color.cfg
File: color.cfg 2007/01/18 v1.5 color configuration of teTeX/TeXLive
)
Package xcolor Info: Driver file: pdftex.def on input line 225.
(/usr/local/texlive/2014/texmf-dist/tex/latex/pdftex-def/pdftex.def
File: pdftex.def 2011/05/27 v0.06d Graphics/color for pdfTeX
\Gread@gobject=\count92
)
Package xcolor Info: Model `cmy' substituted by `cmy0' on input line 1337.
Package xcolor Info: Model `hsb' substituted by `rgb' on input line 1341.
Package xcolor Info: Model `RGB' extended on input line 1353.
Package xcolor Info: Model `HTML' substituted by `rgb' on input line 1355.
Package xcolor Info: Model `Hsb' substituted by `hsb' on input line 1356.
Package xcolor Info: Model `tHsb' substituted by `hsb' on input line 1357.
Package xcolor Info: Model `HSB' substituted by `hsb' on input line 1358.
Package xcolor Info: Model `Gray' substituted by `gray' on input line 1359.
Package xcolor Info: Model `wave' substituted by `hsb' on input line 1360.
)) (/usr/local/texlive/2014/texmf-dist/tex/latex/graphics/graphicx.sty
Package: graphicx 2014/04/25 v1.0g Enhanced LaTeX Graphics (DPC,SPQR)
(/usr/local/texlive/2014/texmf-dist/tex/latex/graphics/graphics.sty
Package: graphics 2009/02/05 v1.0o Standard LaTeX Graphics (DPC,SPQR)
(/usr/local/texlive/2014/texmf-dist/tex/latex/graphics/trig.sty
Package: trig 1999/03/16 v1.09 sin cos tan (DPC)
) (/usr/local/texlive/2014/texmf-dist/tex/latex/latexconfig/graphics.cfg
File: graphics.cfg 2010/04/23 v1.9 graphics configuration of TeX Live
)
Package graphics Info: Driver file: pdftex.def on input line 91.
)
\Gin@req@height=\dimen113
\Gin@req@width=\dimen114
) (/usr/local/texlive/2014/texmf-dist/tex/latex/pdfpages/pppdftex.def
File: pppdftex.def 2013/08/25 v0.4v Pdfpages driver for pdfTeX (AM)
)
\AM@pagebox=\box26
\AM@toc@title=\toks19
\c@AM@survey=\count93
\AM@templatesizebox=\box27
) (/usr/local/texlive/2014/texmf-dist/tex/latex/eurosym/eurosym.sty
Package: eurosym 1998/08/06 v1.1 European currency symbol ``Euro''
\@eurobox=\box28
) (/usr/local/texlive/2014/texmf-dist/tex/latex/listings/listings.sty
\lst@mode=\count94
\lst@gtempboxa=\box29
\lst@token=\toks20
\lst@length=\count95
\lst@currlwidth=\dimen115
\lst@column=\count96
\lst@pos=\count97
\lst@lostspace=\dimen116
\lst@width=\dimen117
\lst@newlines=\count98
\lst@lineno=\count99
\lst@maxwidth=\dimen118
(/usr/local/texlive/2014/texmf-dist/tex/latex/listings/lstmisc.sty
File: lstmisc.sty 2014/03/04 1.5c (Carsten Heinz)
\c@lstnumber=\count100
\lst@skipnumbers=\count101
\lst@framebox=\box30
) (/usr/local/texlive/2014/texmf-dist/tex/latex/listings/listings.cfg
File: listings.cfg 2014/03/04 1.5c listings configuration
))
Package: listings 2014/03/04 1.5c (Carsten Heinz)
(/usr/local/texlive/2014/texmf-dist/tex/latex/hyperref/hyperref.sty
Package: hyperref 2012/11/06 v6.83m Hypertext links for LaTeX
(/usr/local/texlive/2014/texmf-dist/tex/generic/oberdiek/hobsub-hyperref.sty
Package: hobsub-hyperref 2012/05/28 v1.13 Bundle oberdiek, subset hyperref (HO)

(/usr/local/texlive/2014/texmf-dist/tex/generic/oberdiek/hobsub-generic.sty
Package: hobsub-generic 2012/05/28 v1.13 Bundle oberdiek, subset generic (HO)
Package: hobsub 2012/05/28 v1.13 Construct package bundles (HO)
Package hobsub Info: Skipping package `infwarerr' (already loaded).
Package hobsub Info: Skipping package `ltxcmds' (already loaded).
Package: ifluatex 2010/03/01 v1.3 Provides the ifluatex switch (HO)
Package ifluatex Info: LuaTeX not detected.
Package: ifvtex 2010/03/01 v1.5 Detect VTeX and its facilities (HO)
Package ifvtex Info: VTeX not detected.
Package: intcalc 2007/09/27 v1.1 Expandable calculations with integers (HO)
Package hobsub Info: Skipping package `ifpdf' (already loaded).
Package: etexcmds 2011/02/16 v1.5 Avoid name clashes with e-TeX commands (HO)
Package etexcmds Info: Could not find \expanded.
(etexcmds)             That can mean that you are not using pdfTeX 1.50 or
(etexcmds)             that some package has redefined \expanded.
(etexcmds)             In the latter case, load this package earlier.
Package: kvsetkeys 2012/04/25 v1.16 Key value parser (HO)
Package: kvdefinekeys 2011/04/07 v1.3 Define keys (HO)
Package: pdftexcmds 2011/11/29 v0.20 Utility functions of pdfTeX for LuaTeX (HO
)
Package pdftexcmds Info: LuaTeX not detected.
Package pdftexcmds Info: \pdf@primitive is available.
Package pdftexcmds Info: \pdf@ifprimitive is available.
Package pdftexcmds Info: \pdfdraftmode found.
Package: pdfescape 2011/11/25 v1.13 Implements pdfTeX's escape features (HO)
Package: bigintcalc 2012/04/08 v1.3 Expandable calculations on big integers (HO
)
Package: bitset 2011/01/30 v1.1 Handle bit-vector datatype (HO)
Package: uniquecounter 2011/01/30 v1.2 Provide unlimited unique counter (HO)
)
Package hobsub Info: Skipping package `hobsub' (already loaded).
Package: letltxmacro 2010/09/02 v1.4 Let assignment for LaTeX macros (HO)
Package: hopatch 2012/05/28 v1.2 Wrapper for package hooks (HO)
Package: xcolor-patch 2011/01/30 xcolor patch
Package: atveryend 2011/06/30 v1.8 Hooks at the very end of document (HO)
Package atveryend Info: \enddocument detected (standard20110627).
Package hobsub Info: Skipping package `atbegshi' (already loaded).
Package: refcount 2011/10/16 v3.4 Data extraction from label references (HO)
Package: hycolor 2011/01/30 v1.7 Color options for hyperref/bookmark (HO)
) (/usr/local/texlive/2014/texmf-dist/tex/generic/ifxetex/ifxetex.sty
Package: ifxetex 2010/09/12 v0.6 Provides ifxetex conditional
) (/usr/local/texlive/2014/texmf-dist/tex/latex/oberdiek/auxhook.sty
Package: auxhook 2011/03/04 v1.3 Hooks for auxiliary files (HO)
) (/usr/local/texlive/2014/texmf-dist/tex/latex/oberdiek/kvoptions.sty
Package: kvoptions 2011/06/30 v3.11 Key value format for package options (HO)
)
\@linkdim=\dimen119
\Hy@linkcounter=\count102
\Hy@pagecounter=\count103
(/usr/local/texlive/2014/texmf-dist/tex/latex/hyperref/pd1enc.def
File: pd1enc.def 2012/11/06 v6.83m Hyperref: PDFDocEncoding definition (HO)
)
\Hy@SavedSpaceFactor=\count104
(/usr/local/texlive/2014/texmf-dist/tex/latex/latexconfig/hyperref.cfg
File: hyperref.cfg 2002/06/06 v1.2 hyperref configuration of TeXLive
)
Package hyperref Info: Option `plainpages' set `false' on input line 4319.
Package hyperref Info: Option `bookmarks' set `true' on input line 4319.
Package hyperref Info: Option `bookmarksopen' set `true' on input line 4319.
Package hyperref Info: Option `colorlinks' set `true' on input line 4319.
Package hyperref Info: Hyper figures OFF on input line 4443.
Package hyperref Info: Link nesting OFF on input line 4448.
Package hyperref Info: Hyper index ON on input line 4451.
Package hyperref Info: Plain pages OFF on input line 4458.
Package hyperref Info: Backreferencing OFF on input line 4463.
Package hyperref Info: Implicit mode ON; LaTeX internals redefined.
Package hyperref Info: Bookmarks ON on input line 4688.
\c@Hy@tempcnt=\count105
(/usr/local/texlive/2014/texmf-dist/tex/latex/url/url.sty
\Urlmuskip=\muskip10
Package: url 2013/09/16  ver 3.4  Verb mode for urls, etc.
)
LaTeX Info: Redefining \url on input line 5041.
\XeTeXLinkMargin=\dimen120
\Fld@menulength=\count106
\Field@Width=\dimen121
\Fld@charsize=\dimen122
Package hyperref Info: Hyper figures OFF on input line 6295.
Package hyperref Info: Link nesting OFF on input line 6300.
Package hyperref Info: Hyper index ON on input line 6303.
Package hyperref Info: backreferencing OFF on input line 6310.
Package hyperref Info: Link coloring ON on input line 6313.
Package hyperref Info: Link coloring with OCG OFF on input line 6320.
Package hyperref Info: PDF/A mode OFF on input line 6325.
LaTeX Info: Redefining \ref on input line 6365.
LaTeX Info: Redefining \pageref on input line 6369.
\Hy@abspage=\count107
\c@Item=\count108
\c@Hfootnote=\count109
)

Package hyperref Message: Driver (autodetected): hpdftex.

(/usr/local/texlive/2014/texmf-dist/tex/latex/hyperref/hpdftex.def
File: hpdftex.def 2012/11/06 v6.83m Hyperref driver for pdfTeX
\Fld@listcount=\count110
\c@bookmark@seq@number=\count111
(/usr/local/texlive/2014/texmf-dist/tex/latex/oberdiek/rerunfilecheck.sty
Package: rerunfilecheck 2011/04/15 v1.7 Rerun checks for auxiliary files (HO)
Package uniquecounter Info: New unique counter `rerunfilecheck' on input line 2
82.
)
\Hy@SectionHShift=\skip46
) (/usr/local/texlive/2014/texmf-dist/tex/latex/fancyhdr/fancyhdr.sty
\fancy@headwidth=\skip47
\f@ncyO@elh=\skip48
\f@ncyO@erh=\skip49
\f@ncyO@olh=\skip50
\f@ncyO@orh=\skip51
\f@ncyO@elf=\skip52
\f@ncyO@erf=\skip53
\f@ncyO@olf=\skip54
\f@ncyO@orf=\skip55
) (/Users/wrd/Documents/Master Thesis/Thesis/medieninformatik-arbeit.aux)
\openout1 = `medieninformatik-arbeit.aux'.

LaTeX Font Info:    Checking defaults for OML/cmm/m/it on input line 70.
LaTeX Font Info:    ... okay on input line 70.
LaTeX Font Info:    Checking defaults for T1/cmr/m/n on input line 70.
LaTeX Font Info:    ... okay on input line 70.
LaTeX Font Info:    Checking defaults for OT1/cmr/m/n on input line 70.
LaTeX Font Info:    ... okay on input line 70.
LaTeX Font Info:    Checking defaults for OMS/cmsy/m/n on input line 70.
LaTeX Font Info:    ... okay on input line 70.
LaTeX Font Info:    Checking defaults for OMX/cmex/m/n on input line 70.
LaTeX Font Info:    ... okay on input line 70.
LaTeX Font Info:    Checking defaults for U/cmr/m/n on input line 70.
LaTeX Font Info:    ... okay on input line 70.
LaTeX Font Info:    Checking defaults for PD1/pdf/m/n on input line 70.
LaTeX Font Info:    ... okay on input line 70.
LaTeX Font Info:    Try loading font information for T1+ptm on input line 70.
(/usr/local/texlive/2014/texmf-dist/tex/latex/psnfss/t1ptm.fd
File: t1ptm.fd 2001/06/04 font definitions for T1/ptm.
)
\big@size=\dimen123
Package caption Info: Begin \AtBeginDocument code.
Package caption Info: hyperref package is loaded.
Package caption Info: listings package is loaded.
Package caption Info: End \AtBeginDocument code.
\AtBeginShipoutBox=\box31
(/usr/local/texlive/2014/texmf-dist/tex/context/base/supp-pdf.mkii
[Loading MPS to PDF converter (version 2006.09.02).]
\scratchcounter=\count112
\scratchdimen=\dimen124
\scratchbox=\box32
\nofMPsegments=\count113
\nofMParguments=\count114
\everyMPshowfont=\toks21
\MPscratchCnt=\count115
\MPscratchDim=\dimen125
\MPnumerator=\count116
\makeMPintoPDFobject=\count117
\everyMPtoPDFconversion=\toks22
) (/usr/local/texlive/2014/texmf-dist/tex/latex/oberdiek/epstopdf-base.sty
Package: epstopdf-base 2010/02/09 v2.5 Base part for package epstopdf
(/usr/local/texlive/2014/texmf-dist/tex/latex/oberdiek/grfext.sty
Package: grfext 2010/08/19 v1.1 Manage graphics extensions (HO)
)
Package grfext Info: Graphics extension search list:
(grfext)             [.png,.pdf,.jpg,.mps,.jpeg,.jbig2,.jb2,.PNG,.PDF,.JPG,.JPE
G,.JBIG2,.JB2,.eps]
(grfext)             \AppendGraphicsExtensions on input line 452.
(/usr/local/texlive/2014/texmf-dist/tex/latex/latexconfig/epstopdf-sys.cfg
File: epstopdf-sys.cfg 2010/07/13 v1.3 Configuration of (r)epstopdf for TeX Liv
e
))
\c@lstlisting=\count118
Package hyperref Info: Link coloring ON on input line 70.
(/usr/local/texlive/2014/texmf-dist/tex/latex/hyperref/nameref.sty
Package: nameref 2012/10/27 v2.43 Cross-referencing by name of section
(/usr/local/texlive/2014/texmf-dist/tex/generic/oberdiek/gettitlestring.sty
Package: gettitlestring 2010/12/03 v1.4 Cleanup title references (HO)
)
\c@section@level=\count119
)
LaTeX Info: Redefining \ref on input line 70.
LaTeX Info: Redefining \pageref on input line 70.
LaTeX Info: Redefining \nameref on input line 70.
(/Users/wrd/Documents/Master Thesis/Thesis/medieninformatik-arbeit.out) (/Users
/wrd/Documents/Master Thesis/Thesis/medieninformatik-arbeit.out)
\@outlinefile=\write3
\openout3 = `medieninformatik-arbeit.out'.

LaTeX Font Info:    Font shape `T1/ptm/bx/n' in size <12> not available
(Font)              Font shape `T1/ptm/b/n' tried instead on input line 83.
LaTeX Font Info:    Try loading font information for OT1+ztmcm on input line 92
.
(/usr/local/texlive/2014/texmf-dist/tex/latex/psnfss/ot1ztmcm.fd
File: ot1ztmcm.fd 2000/01/03 Fontinst v1.801 font definitions for OT1/ztmcm.
)
LaTeX Font Info:    Try loading font information for OML+ztmcm on input line 92
.
(/usr/local/texlive/2014/texmf-dist/tex/latex/psnfss/omlztmcm.fd
File: omlztmcm.fd 2000/01/03 Fontinst v1.801 font definitions for OML/ztmcm.
)
LaTeX Font Info:    Try loading font information for OMS+ztmcm on input line 92
.
(/usr/local/texlive/2014/texmf-dist/tex/latex/psnfss/omsztmcm.fd
File: omsztmcm.fd 2000/01/03 Fontinst v1.801 font definitions for OMS/ztmcm.
)
LaTeX Font Info:    Try loading font information for OMX+ztmcm on input line 92
.
(/usr/local/texlive/2014/texmf-dist/tex/latex/psnfss/omxztmcm.fd
File: omxztmcm.fd 2000/01/03 Fontinst v1.801 font definitions for OMX/ztmcm.
)
LaTeX Font Info:    Try loading font information for OT1+ptm on input line 92.
(/usr/local/texlive/2014/texmf-dist/tex/latex/psnfss/ot1ptm.fd
File: ot1ptm.fd 2001/06/04 font definitions for OT1/ptm.
)
LaTeX Font Info:    Font shape `OT1/ptm/bx/n' in size <10.95> not available
(Font)              Font shape `OT1/ptm/b/n' tried instead on input line 92.
LaTeX Font Info:    Font shape `OT1/ptm/bx/n' in size <8> not available
(Font)              Font shape `OT1/ptm/b/n' tried instead on input line 92.
LaTeX Font Info:    Font shape `OT1/ptm/bx/n' in size <6> not available
(Font)              Font shape `OT1/ptm/b/n' tried instead on input line 92.
[1

{/usr/local/texlive/2014/texmf-var/fonts/map/pdftex/updmap/pdftex.map}]
LaTeX Font Info:    Font shape `T1/ptm/bx/n' in size <14.4> not available
(Font)              Font shape `T1/ptm/b/n' tried instead on input line 100.
[2

] [3

] [4

]
LaTeX Font Info:    Font shape `T1/ptm/bx/n' in size <10.95> not available
(Font)              Font shape `T1/ptm/b/n' tried instead on input line 173.
LaTeX Font Info:    Try loading font information for OMS+ptm on input line 174.

(/usr/local/texlive/2014/texmf-dist/tex/latex/psnfss/omsptm.fd
File: omsptm.fd 
)
LaTeX Font Info:    Font shape `OMS/ptm/m/n' in size <10.95> not available
(Font)              Font shape `OMS/cmsy/m/n' tried instead on input line 174.
[5] [6

] (/Users/wrd/Documents/Master Thesis/Thesis/medieninformatik-arbeit.toc [1])
\tf@toc=\write4
\openout4 = `medieninformatik-arbeit.toc'.

[2] (/Users/wrd/Documents/Master Thesis/Thesis/Introduction/intro.tex [1

] [2]) [3] (/Users/wrd/Documents/Master Thesis/Thesis/RelatedWork/content.tex <
RelatedWork/img/unu-config.png, id=365, 1441.385pt x 808.01875pt>
File: RelatedWork/img/unu-config.png Graphic file (type png)
<use RelatedWork/img/unu-config.png>
Package pdftex.def Info: RelatedWork/img/unu-config.png used on input line 41.
(pdftex.def)             Requested size: 192.0548pt x 107.65994pt.
<RelatedWork/img/timbuk2-config.png, id=369, 1441.385pt x 808.01875pt>
File: RelatedWork/img/timbuk2-config.png Graphic file (type png)
<use RelatedWork/img/timbuk2-config.png>
Package pdftex.def Info: RelatedWork/img/timbuk2-config.png used on input line 
47.
(pdftex.def)             Requested size: 192.0548pt x 107.65994pt.

Underfull \hbox (badness 10000) in paragraph at lines 48--48
[]\T1/ptm/m/n/10.95 Figure 2.2: |Tim-buk2 bag web
 []

[4

 </Users/wrd/Documents/Master Thesis/Thesis/RelatedWork/img/unu-config.png> </U
sers/wrd/Documents/Master Thesis/Thesis/RelatedWork/img/timbuk2-config.png>] <R
elatedWork/img/gates-config.png, id=390, 842.14626pt x 492.84125pt>
File: RelatedWork/img/gates-config.png Graphic file (type png)
<use RelatedWork/img/gates-config.png>
Package pdftex.def Info: RelatedWork/img/gates-config.png used on input line 69
.
(pdftex.def)             Requested size: 298.75262pt x 174.83577pt.
[5 </Users/wrd/Documents/Master Thesis/Thesis/RelatedWork/img/gates-config.png>
] <RelatedWork/img/MakerVis.png, id=408, 967.615pt x 580.1675pt>
File: RelatedWork/img/MakerVis.png Graphic file (type png)
<use RelatedWork/img/MakerVis.png>
Package pdftex.def Info: RelatedWork/img/MakerVis.png used on input line 86.
(pdftex.def)             Requested size: 298.75262pt x 179.12415pt.
[6 </Users/wrd/Documents/Master Thesis/Thesis/RelatedWork/img/MakerVis.png>] <R
elatedWork/img/trophy-config.png, id=426, 1441.385pt x 808.01875pt>
File: RelatedWork/img/trophy-config.png Graphic file (type png)
<use RelatedWork/img/trophy-config.png>
Package pdftex.def Info: RelatedWork/img/trophy-config.png used on input line 1
07.
(pdftex.def)             Requested size: 192.0548pt x 107.65994pt.
<RelatedWork/img/mrmaria-config.png, id=429, 1440.38126pt x 808.01875pt>
File: RelatedWork/img/mrmaria-config.png Graphic file (type png)
<use RelatedWork/img/mrmaria-config.png>
Package pdftex.def Info: RelatedWork/img/mrmaria-config.png used on input line 
113.
(pdftex.def)             Requested size: 192.0548pt x 107.73392pt.
[7 </Users/wrd/Documents/Master Thesis/Thesis/RelatedWork/img/trophy-config.png
> </Users/wrd/Documents/Master Thesis/Thesis/RelatedWork/img/mrmaria-config.png
>] <RelatedWork/img/sweatatoms-as.png, id=456, 561.09625pt x 376.40625pt>
File: RelatedWork/img/sweatatoms-as.png Graphic file (type png)
<use RelatedWork/img/sweatatoms-as.png>
Package pdftex.def Info: RelatedWork/img/sweatatoms-as.png used on input line 1
36.
(pdftex.def)             Requested size: 298.75262pt x 200.41331pt.
[8]
Underfull \vbox (badness 10000) has occurred while \output is active []

[9 </Users/wrd/Documents/Master Thesis/Thesis/RelatedWork/img/sweatatoms-as.png
>] <RelatedWork/img/mentalfab1-as.png, id=476, 605.26125pt x 666.49pt>
File: RelatedWork/img/mentalfab1-as.png Graphic file (type png)
<use RelatedWork/img/mentalfab1-as.png>
Package pdftex.def Info: RelatedWork/img/mentalfab1-as.png used on input line 1
61.
(pdftex.def)             Requested size: 192.0548pt x 143.76942pt.
<RelatedWork/img/mentalfab-as.png, id=478, 643.40375pt x 481.8pt>
File: RelatedWork/img/mentalfab-as.png Graphic file (type png)
<use RelatedWork/img/mentalfab-as.png>
Package pdftex.def Info: RelatedWork/img/mentalfab-as.png used on input line 16
5.
(pdftex.def)             Requested size: 192.0548pt x 143.8133pt.
[10 </Users/wrd/Documents/Master Thesis/Thesis/RelatedWork/img/mentalfab1-as.pn
g> </Users/wrd/Documents/Master Thesis/Thesis/RelatedWork/img/mentalfab-as.png>
] [11] <RelatedWork/img/bracelets.jpg, id=524, 1003.75pt x 401.5pt>
File: RelatedWork/img/bracelets.jpg Graphic file (type jpg)
<use RelatedWork/img/bracelets.jpg>
Package pdftex.def Info: RelatedWork/img/bracelets.jpg used on input line 192.
(pdftex.def)             Requested size: 384.10959pt x 153.64369pt.
) [12 </Users/wrd/Documents/Master Thesis/Thesis/RelatedWork/img/bracelets.jpg>
] (/Users/wrd/Documents/Master Thesis/Thesis/Prototype/proto.tex [13

] <Prototype/img/multiexposure.jpg, id=566, 1505.625pt x 559.08875pt>
File: Prototype/img/multiexposure.jpg Graphic file (type jpg)
<use Prototype/img/multiexposure.jpg>
Package pdftex.def Info: Prototype/img/multiexposure.jpg used on input line 36.

(pdftex.def)             Requested size: 341.43436pt x 126.78766pt.
[14] <Prototype/img/3DGraph_detail.jpeg, id=577, 797.98125pt x 318.18875pt>
File: Prototype/img/3DGraph_detail.jpeg Graphic file (type jpg)
<use Prototype/img/3DGraph_detail.jpeg>
Package pdftex.def Info: Prototype/img/3DGraph_detail.jpeg used on input line 5
0.
(pdftex.def)             Requested size: 341.43436pt x 136.14362pt.
[15 </Users/wrd/Documents/Master Thesis/Thesis/Prototype/img/multiexposure.jpg>
 </Users/wrd/Documents/Master Thesis/Thesis/Prototype/img/3DGraph_detail.jpeg>]
<Prototype/img/terrain.png, id=585, 698.61pt x 438.63875pt>
File: Prototype/img/terrain.png Graphic file (type png)
<use Prototype/img/terrain.png>
Package pdftex.def Info: Prototype/img/terrain.png used on input line 65.
(pdftex.def)             Requested size: 192.0548pt x 120.58252pt.

<Prototype/img/ActivityLandscape_detail.jpg, id=588, 504.88625pt x 326.21875pt>
File: Prototype/img/ActivityLandscape_detail.jpg Graphic file (type jpg)
<use Prototype/img/ActivityLandscape_detail.jpg>
Package pdftex.def Info: Prototype/img/ActivityLandscape_detail.jpg used on inp
ut line 71.
(pdftex.def)             Requested size: 169.00916pt x 109.20058pt.
[16 </Users/wrd/Documents/Master Thesis/Thesis/Prototype/img/terrain.png> </Use
rs/wrd/Documents/Master Thesis/Thesis/Prototype/img/ActivityLandscape_detail.jp
g>] <Prototype/img/ActivityFlora_detail.jpeg, id=600, 810.02625pt x 524.96124pt
>
File: Prototype/img/ActivityFlora_detail.jpeg Graphic file (type jpg)
<use Prototype/img/ActivityFlora_detail.jpeg>
Package pdftex.def Info: Prototype/img/ActivityFlora_detail.jpeg used on input 
line 89.
(pdftex.def)             Requested size: 256.0774pt x 165.95642pt.
<Prototype/img/nervous.png, id=603, 631.86885pt x 315.93443pt>
File: Prototype/img/nervous.png Graphic file (type png)
<use Prototype/img/nervous.png>
Package pdftex.def Info: Prototype/img/nervous.png used on input line 100.
(pdftex.def)             Requested size: 298.75262pt x 149.38104pt.
[17 </Users/wrd/Documents/Master Thesis/Thesis/Prototype/img/ActivityFlora_deta
il.jpeg>] [18 </Users/wrd/Documents/Master Thesis/Thesis/Prototype/img/nervous.
png>] <Prototype/img/fhaz.png, id=624, 686.565pt x 512.91624pt>
File: Prototype/img/fhaz.png Graphic file (type png)
<use Prototype/img/fhaz.png>
Package pdftex.def Info: Prototype/img/fhaz.png used on input line 124.
(pdftex.def)             Requested size: 192.0548pt x 143.47469pt.
<Prototype/img/ActivityVase_detail.jpeg, id=627, 347.2975pt x 313.17pt>
File: Prototype/img/ActivityVase_detail.jpeg Graphic file (type jpg)
<use Prototype/img/ActivityVase_detail.jpeg>
Package pdftex.def Info: Prototype/img/ActivityVase_detail.jpeg used on input l
ine 130.
(pdftex.def)             Requested size: 144.04109pt x 129.89143pt.
[19 </Users/wrd/Documents/Master Thesis/Thesis/Prototype/img/fhaz.png> </Users/
wrd/Documents/Master Thesis/Thesis/Prototype/img/ActivityVase_detail.jpeg>]
Underfull \hbox (badness 10000) in paragraph at lines 147--147
[]\T1/ptm/m/n/10.95 Sculpture
 []


Underfull \hbox (badness 10000) in paragraph at lines 147--147
[]\T1/ptm/m/n/10.95 Semiotic
 []


Underfull \hbox (badness 10000) in paragraph at lines 147--147
\T1/ptm/m/n/10.95 Rep-re-sen-ta-
 []


Underfull \hbox (badness 10000) in paragraph at lines 147--147
[]\T1/ptm/m/n/10.95 Variable
 []


Underfull \hbox (badness 10000) in paragraph at lines 147--147
\T1/ptm/m/n/10.95 Map-ping
 []


Underfull \hbox (badness 10000) in paragraph at lines 147--147
[]\T1/ptm/m/n/10.95 Estimated
 []


Underfull \hbox (badness 10000) in paragraph at lines 147--147
\T1/ptm/m/n/10.95 Im-ple-
 []


Underfull \hbox (badness 10000) in paragraph at lines 147--147
\T1/ptm/m/n/10.95 men-ta-tion
 []


Overfull \hbox (4.1304pt too wide) in paragraph at lines 147--148
[]\T1/ptm/m/n/10.95 Customization
 []


Underfull \hbox (badness 10000) in paragraph at lines 151--151
[]\T1/ptm/m/n/10.95 Activity
 []


Underfull \hbox (badness 10000) in paragraph at lines 153--153
[]\T1/ptm/m/n/10.95 Activity
 []


Underfull \hbox (badness 3364) in paragraph at lines 155--155
[]\T1/ptm/m/n/10.95 Vase/ Cylin-
 []


Overfull \hbox (3.71434pt too wide) in paragraph at lines 145--158
 [][] 
 []

[20] [21] <Prototype/img/ui_proto1.jpg, id=656, 1003.75pt x 881.2925pt>
File: Prototype/img/ui_proto1.jpg Graphic file (type jpg)
<use Prototype/img/ui_proto1.jpg>
Package pdftex.def Info: Prototype/img/ui_proto1.jpg used on input line 193.
(pdftex.def)             Requested size: 256.0774pt x 207.4192pt.
<Prototype/img/cinema4d.jpg, id=659, 2569.6pt x 1445.4pt>
File: Prototype/img/cinema4d.jpg Graphic file (type jpg)
<use Prototype/img/cinema4d.jpg>
Package pdftex.def Info: Prototype/img/cinema4d.jpg used on input line 205.
(pdftex.def)             Requested size: 203.5776pt x 121.21428pt.

Overfull \hbox (11.52281pt too wide) in paragraph at lines 205--206
 [][] 
 []

<Prototype/img/ui_proto2.jpg, id=663, 1003.75pt x 727.71875pt>
File: Prototype/img/ui_proto2.jpg Graphic file (type jpg)
<use Prototype/img/ui_proto2.jpg>
Package pdftex.def Info: Prototype/img/ui_proto2.jpg used on input line 211.
(pdftex.def)             Requested size: 192.0548pt x 123.99127pt.
[22 </Users/wrd/Documents/Master Thesis/Thesis/Prototype/img/ui_proto1.jpg> </U
sers/wrd/Documents/Master Thesis/Thesis/Prototype/img/cinema4d.jpg> </Users/wrd
/Documents/Master Thesis/Thesis/Prototype/img/ui_proto2.jpg>] <Prototype/img/ui
_proto3.jpeg, id=677, 949.5475pt x 628.3475pt>
File: Prototype/img/ui_proto3.jpeg Graphic file (type jpg)
<use Prototype/img/ui_proto3.jpeg>
Package pdftex.def Info: Prototype/img/ui_proto3.jpeg used on input line 226.
(pdftex.def)             Requested size: 256.0774pt x 169.45474pt.
[23 </Users/wrd/Documents/Master Thesis/Thesis/Prototype/img/ui_proto3.jpeg>]) 
[24] (/Users/wrd/Documents/Master Thesis/Thesis/Configurator/conf.tex) [25

] (/Users/wrd/Documents/Master Thesis/Thesis/UserStudy/study.tex) [26

] (/Users/wrd/Documents/Master Thesis/Thesis/Conclusion/content.tex) [27

] (/Users/wrd/Documents/Master Thesis/Thesis/FutureWork/content.tex) [28

] (/Users/wrd/Documents/Master Thesis/Thesis/medieninformatik-arbeit.lof)
\tf@lof=\write5
\openout5 = `medieninformatik-arbeit.lof'.

[29

] [30

] (/Users/wrd/Documents/Master Thesis/Thesis/medieninformatik-arbeit.bbl
LaTeX Font Info:    Try loading font information for T1+cmtt on input line 6.
(/usr/local/texlive/2014/texmf-dist/tex/latex/base/t1cmtt.fd
File: t1cmtt.fd 1999/05/25 v2.5h Standard LaTeX font definitions
)
Underfull \hbox (badness 3815) in paragraph at lines 25--29
[]\T1/ptm/m/n/10.95 T. bvba.  3d tro-phy fac-tory, 2015.  last ac-cessed 22-05-
2015, [][]$\T1/cmtt/m/n/10.95 http : / / www .
 []


Underfull \hbox (badness 10000) in paragraph at lines 104--108
\T1/cmtt/m/n/10.95 nike . com / content / nike-[]developer-[]cq / us / en _ us 
/ index / documentation /
 []

[31]
Underfull \hbox (badness 2512) in paragraph at lines 122--126
[]\T1/ptm/m/n/10.95 N. S. Inc.  hy-phae: sur-face growth, 2010.  last ac-cessed
 27-05-2015, [][]$\T1/cmtt/m/n/10.95 http :
 []


Underfull \hbox (badness 10000) in paragraph at lines 122--126
\T1/cmtt/m/n/10.95 / / n-[]e-[]r-[]v-[]o-[]u-[]s . com / projects / albums / ne
tworks-[]sketches / content /
 []

[32]
Underfull \hbox (badness 2229) in paragraph at lines 222--226
[]\T1/ptm/m/n/10.95 I. Popian.  Men-tal fab-ri-ca-tions, 2015.  last ac-cessed 
25-05-2015, [][]$\T1/cmtt/m/n/10.95 http : / / www .
 []


Underfull \hbox (badness 10000) in paragraph at lines 262--266
\T1/cmtt/m/n/10.95 / / www . timbuk2 . com / customizer # /product / 18-[]custo
m-[]classic-[]messenger-[]bag /
 []

[33]) [34] (/Users/wrd/Documents/Master Thesis/Thesis/Appendix/content.tex <App
endix/prototypes/3DGraph_01.jpg, id=832, 1003.75pt x 1642.135pt>
File: Appendix/prototypes/3DGraph_01.jpg Graphic file (type jpg)
<use Appendix/prototypes/3DGraph_01.jpg>
Package pdftex.def Info: Appendix/prototypes/3DGraph_01.jpg used on input line 
14.
(pdftex.def)             Requested size: 328.63115pt x 537.64655pt.
[35

 </Users/wrd/Documents/Master Thesis/Thesis/Appendix/prototypes/3DGraph_01.jpg>
] <Appendix/prototypes/3DGraph_02.jpg, id=840, 1003.75pt x 1061.9675pt>
File: Appendix/prototypes/3DGraph_02.jpg Graphic file (type jpg)
<use Appendix/prototypes/3DGraph_02.jpg>
Package pdftex.def Info: Appendix/prototypes/3DGraph_02.jpg used on input line 
20.
(pdftex.def)             Requested size: 426.79134pt x 451.54898pt.
<Appendix/prototypes/ActivityFlora.jpg, id=841, 1003.75pt x 1419.3025pt>
File: Appendix/prototypes/ActivityFlora.jpg Graphic file (type jpg)
<use Appendix/prototypes/ActivityFlora.jpg>
Package pdftex.def Info: Appendix/prototypes/ActivityFlora.jpg used on input li
ne 28.
(pdftex.def)             Requested size: 426.79134pt x 603.48796pt.
<Appendix/prototypes/ActivityLandscape.jpg, id=842, 1003.75pt x 1419.3025pt>
File: Appendix/prototypes/ActivityLandscape.jpg Graphic file (type jpg)
<use Appendix/prototypes/ActivityLandscape.jpg>
Package pdftex.def Info: Appendix/prototypes/ActivityLandscape.jpg used on inpu
t line 36.
(pdftex.def)             Requested size: 426.79134pt x 603.48796pt.
<Appendix/prototypes/ActivityVase_01.jpg, id=843, 1003.75pt x 1483.5425pt>
File: Appendix/prototypes/ActivityVase_01.jpg Graphic file (type jpg)
<use Appendix/prototypes/ActivityVase_01.jpg>
Package pdftex.def Info: Appendix/prototypes/ActivityVase_01.jpg used on input 
line 44.
(pdftex.def)             Requested size: 426.79134pt x 630.80283pt.
<Appendix/prototypes/ActivityVase_02.jpg, id=844, 1003.75pt x 544.0325pt>
File: Appendix/prototypes/ActivityVase_02.jpg Graphic file (type jpg)
<use Appendix/prototypes/ActivityVase_02.jpg>
Package pdftex.def Info: Appendix/prototypes/ActivityVase_02.jpg used on input 
line 49.
(pdftex.def)             Requested size: 426.79134pt x 231.32281pt.
[36 </Users/wrd/Documents/Master Thesis/Thesis/Appendix/prototypes/3DGraph_02.j
pg>] [37 </Users/wrd/Documents/Master Thesis/Thesis/Appendix/prototypes/Activit
yFlora.jpg>] [38 </Users/wrd/Documents/Master Thesis/Thesis/Appendix/prototypes
/ActivityLandscape.jpg>] [39 </Users/wrd/Documents/Master Thesis/Thesis/Appendi
x/prototypes/ActivityVase_01.jpg>] [40 </Users/wrd/Documents/Master Thesis/Thes
is/Appendix/prototypes/ActivityVase_02.jpg>]
<Appendix/prototypes/Configurator-UI_A_01.jpg, id=870, 1003.75pt x 1982.40625pt
>
File: Appendix/prototypes/Configurator-UI_A_01.jpg Graphic file (type jpg)
<use Appendix/prototypes/Configurator-UI_A_01.jpg>
Package pdftex.def Info: Appendix/prototypes/Configurator-UI_A_01.jpg used on i
nput line 58.
(pdftex.def)             Requested size: 320.09349pt x 632.17479pt.
[41

 </Users/wrd/Documents/Master Thesis/Thesis/Appendix/prototypes/Configurator-UI
_A_01.jpg>]
<Appendix/prototypes/Configurator-UI_A_02.jpg, id=877, 1003.75pt x 737.75626pt>
File: Appendix/prototypes/Configurator-UI_A_02.jpg Graphic file (type jpg)
<use Appendix/prototypes/Configurator-UI_A_02.jpg>
Package pdftex.def Info: Appendix/prototypes/Configurator-UI_A_02.jpg used on i
nput line 66.
(pdftex.def)             Requested size: 597.50526pt x 439.18994pt.

Overfull \hbox (12.3986pt too wide) in paragraph at lines 66--68
 [][] 
 []


<Appendix/prototypes/Configurator-UI_A_03.jpg, id=878, 1003.75pt x 732.7375pt>
File: Appendix/prototypes/Configurator-UI_A_03.jpg Graphic file (type jpg)
<use Appendix/prototypes/Configurator-UI_A_03.jpg>
Package pdftex.def Info: Appendix/prototypes/Configurator-UI_A_03.jpg used on i
nput line 73.
(pdftex.def)             Requested size: 597.50526pt x 436.20226pt.

Overfull \hbox (9.41092pt too wide) in paragraph at lines 73--75
 [][] 
 []


<Appendix/prototypes/Configurator-UI_A_04.jpg, id=879, 1003.75pt x 881.2925pt>
File: Appendix/prototypes/Configurator-UI_A_04.jpg Graphic file (type jpg)
<use Appendix/prototypes/Configurator-UI_A_04.jpg>
Package pdftex.def Info: Appendix/prototypes/Configurator-UI_A_04.jpg used on i
nput line 80.
(pdftex.def)             Requested size: 597.50526pt x 524.63777pt.

Overfull \hbox (97.84644pt too wide) in paragraph at lines 80--82
 [][] 
 []


<Appendix/prototypes/Configurator-UI_A_05.jpg, id=880, 1003.75pt x 744.7825pt>
File: Appendix/prototypes/Configurator-UI_A_05.jpg Graphic file (type jpg)
<use Appendix/prototypes/Configurator-UI_A_05.jpg>
Package pdftex.def Info: Appendix/prototypes/Configurator-UI_A_05.jpg used on i
nput line 87.
(pdftex.def)             Requested size: 597.50526pt x 443.3727pt.

Overfull \hbox (16.58136pt too wide) in paragraph at lines 87--89
 [][] 
 []


<Appendix/prototypes/Configurator-UI_A_06.jpg, id=881, 1003.75pt x 733.74126pt>
File: Appendix/prototypes/Configurator-UI_A_06.jpg Graphic file (type jpg)
<use Appendix/prototypes/Configurator-UI_A_06.jpg>
Package pdftex.def Info: Appendix/prototypes/Configurator-UI_A_06.jpg used on i
nput line 94.
(pdftex.def)             Requested size: 597.50526pt x 436.79979pt.

Overfull \hbox (10.00845pt too wide) in paragraph at lines 94--96
 [][] 
 []


<Appendix/prototypes/Configurator-UI_B_01.jpg, id=882, 1003.75pt x 727.71875pt>
File: Appendix/prototypes/Configurator-UI_B_01.jpg Graphic file (type jpg)
<use Appendix/prototypes/Configurator-UI_B_01.jpg>
Package pdftex.def Info: Appendix/prototypes/Configurator-UI_B_01.jpg used on i
nput line 101.
(pdftex.def)             Requested size: 597.50526pt x 433.21455pt.

Overfull \hbox (6.42322pt too wide) in paragraph at lines 101--103
 [][] 
 []


<Appendix/prototypes/Configurator-UI_B_02.jpg, id=883, 1003.75pt x 725.71124pt>
File: Appendix/prototypes/Configurator-UI_B_02.jpg Graphic file (type jpg)
<use Appendix/prototypes/Configurator-UI_B_02.jpg>
Package pdftex.def Info: Appendix/prototypes/Configurator-UI_B_02.jpg used on i
nput line 107.
(pdftex.def)             Requested size: 597.50526pt x 432.01949pt.

Overfull \hbox (5.22815pt too wide) in paragraph at lines 107--109
 [][] 
 []


<Appendix/prototypes/Configurator-UI_C_3.jpg, id=884, 1003.75pt x 1352.05125pt>
File: Appendix/prototypes/Configurator-UI_C_3.jpg Graphic file (type jpg)
<use Appendix/prototypes/Configurator-UI_C_3.jpg>
Package pdftex.def Info: Appendix/prototypes/Configurator-UI_C_3.jpg used on in
put line 114.
(pdftex.def)             Requested size: 469.47307pt x 632.39023pt.

Overfull \hbox (42.68173pt too wide) in paragraph at lines 114--116
 [][] 
 []

[42 </Users/wrd/Documents/Master Thesis/Thesis/Appendix/prototypes/Configurator
-UI_A_02.jpg>] [43 </Users/wrd/Documents/Master Thesis/Thesis/Appendix/prototyp
es/Configurator-UI_A_03.jpg>] [44 </Users/wrd/Documents/Master Thesis/Thesis/Ap
pendix/prototypes/Configurator-UI_A_04.jpg>] [45 </Users/wrd/Documents/Master T
hesis/Thesis/Appendix/prototypes/Configurator-UI_A_05.jpg>] [46 </Users/wrd/Doc
uments/Master Thesis/Thesis/Appendix/prototypes/Configurator-UI_A_06.jpg>] [47 
</Users/wrd/Documents/Master Thesis/Thesis/Appendix/prototypes/Configurator-UI_
B_01.jpg>] [48 </Users/wrd/Documents/Master Thesis/Thesis/Appendix/prototypes/C
onfigurator-UI_B_02.jpg>] [49 </Users/wrd/Documents/Master Thesis/Thesis/Append
ix/prototypes/Configurator-UI_C_3.jpg>] <Appendix/questionnaire/survey.pdf, id=
927, 597.50786pt x 845.04686pt>
File: Appendix/questionnaire/survey.pdf Graphic file (type pdf)
<use Appendix/questionnaire/survey.pdf>
Package pdftex.def Info: Appendix/questionnaire/survey.pdf used on input line 1
22.
(pdftex.def)             Requested size: 597.5064pt x 845.0448pt.
File: Appendix/questionnaire/survey.pdf Graphic file (type pdf)
<use Appendix/questionnaire/survey.pdf>
Package pdftex.def Info: Appendix/questionnaire/survey.pdf used on input line 1
22.
(pdftex.def)             Requested size: 597.5064pt x 845.0448pt.

<Appendix/questionnaire/survey.pdf, id=930, page=1, 597.50786pt x 845.04686pt>
File: Appendix/questionnaire/survey.pdf Graphic file (type pdf)
<use Appendix/questionnaire/survey.pdf, page 1>
Package pdftex.def Info: Appendix/questionnaire/survey.pdf, page1 used on input
 line 122.
(pdftex.def)             Requested size: 426.79134pt x 603.6108pt.
File: Appendix/questionnaire/survey.pdf Graphic file (type pdf)
<use Appendix/questionnaire/survey.pdf, page 1>
Package pdftex.def Info: Appendix/questionnaire/survey.pdf, page1 used on input
 line 122.
(pdftex.def)             Requested size: 837.34409pt x 1184.24384pt.
File: Appendix/questionnaire/survey.pdf Graphic file (type pdf)
<use Appendix/questionnaire/survey.pdf, page 1>
Package pdftex.def Info: Appendix/questionnaire/survey.pdf, page1 used on input
 line 122.
(pdftex.def)             Requested size: 837.34409pt x 1184.24384pt.
File: Appendix/questionnaire/survey.pdf Graphic file (type pdf)
<use Appendix/questionnaire/survey.pdf, page 1>
Package pdftex.def Info: Appendix/questionnaire/survey.pdf, page1 used on input
 line 122.
(pdftex.def)             Requested size: 837.34409pt x 1184.24384pt.
File: Appendix/questionnaire/survey.pdf Graphic file (type pdf)
<use Appendix/questionnaire/survey.pdf, page 1>
Package pdftex.def Info: Appendix/questionnaire/survey.pdf, page1 used on input
 line 122.
(pdftex.def)             Requested size: 837.34409pt x 1184.24384pt.
[50

 </Users/wrd/Documents/Master Thesis/Thesis/Appendix/questionnaire/survey.pdf>]
File: Appendix/questionnaire/survey.pdf Graphic file (type pdf)
<use Appendix/questionnaire/survey.pdf>
Package pdftex.def Info: Appendix/questionnaire/survey.pdf used on input line 1
23.
(pdftex.def)             Requested size: 597.5064pt x 845.0448pt.
File: Appendix/questionnaire/survey.pdf Graphic file (type pdf)
<use Appendix/questionnaire/survey.pdf>
Package pdftex.def Info: Appendix/questionnaire/survey.pdf used on input line 1
23.
(pdftex.def)             Requested size: 597.5064pt x 845.0448pt.

<Appendix/questionnaire/survey.pdf, id=992, page=2, 597.50786pt x 845.04686pt>
File: Appendix/questionnaire/survey.pdf Graphic file (type pdf)
<use Appendix/questionnaire/survey.pdf, page 2>
Package pdftex.def Info: Appendix/questionnaire/survey.pdf, page2 used on input
 line 123.
(pdftex.def)             Requested size: 426.79134pt x 603.6108pt.
File: Appendix/questionnaire/survey.pdf Graphic file (type pdf)
<use Appendix/questionnaire/survey.pdf, page 2>
Package pdftex.def Info: Appendix/questionnaire/survey.pdf, page2 used on input
 line 123.
(pdftex.def)             Requested size: 837.34409pt x 1184.24384pt.
File: Appendix/questionnaire/survey.pdf Graphic file (type pdf)
<use Appendix/questionnaire/survey.pdf, page 2>
Package pdftex.def Info: Appendix/questionnaire/survey.pdf, page2 used on input
 line 123.
(pdftex.def)             Requested size: 837.34409pt x 1184.24384pt.
File: Appendix/questionnaire/survey.pdf Graphic file (type pdf)
<use Appendix/questionnaire/survey.pdf, page 2>
Package pdftex.def Info: Appendix/questionnaire/survey.pdf, page2 used on input
 line 123.
(pdftex.def)             Requested size: 837.34409pt x 1184.24384pt.
File: Appendix/questionnaire/survey.pdf Graphic file (type pdf)
<use Appendix/questionnaire/survey.pdf, page 2>
Package pdftex.def Info: Appendix/questionnaire/survey.pdf, page2 used on input
 line 123.
(pdftex.def)             Requested size: 837.34409pt x 1184.24384pt.
[51 </Users/wrd/Documents/Master Thesis/Thesis/Appendix/questionnaire/survey.pd
f>]
<Appendix/questionnaire/survey.pdf, id=1041, page=3, 597.50786pt x 845.04686pt>
File: Appendix/questionnaire/survey.pdf Graphic file (type pdf)
<use Appendix/questionnaire/survey.pdf, page 3>
Package pdftex.def Info: Appendix/questionnaire/survey.pdf, page3 used on input
 line 123.
(pdftex.def)             Requested size: 837.34409pt x 1184.24384pt.
File: Appendix/questionnaire/survey.pdf Graphic file (type pdf)
<use Appendix/questionnaire/survey.pdf, page 3>
Package pdftex.def Info: Appendix/questionnaire/survey.pdf, page3 used on input
 line 123.
(pdftex.def)             Requested size: 837.34409pt x 1184.24384pt.
File: Appendix/questionnaire/survey.pdf Graphic file (type pdf)
<use Appendix/questionnaire/survey.pdf, page 3>
Package pdftex.def Info: Appendix/questionnaire/survey.pdf, page3 used on input
 line 123.
(pdftex.def)             Requested size: 837.34409pt x 1184.24384pt.
[52 </Users/wrd/Documents/Master Thesis/Thesis/Appendix/questionnaire/survey.pd
f>]
<Appendix/questionnaire/survey.pdf, id=1091, page=4, 597.50786pt x 845.04686pt>
File: Appendix/questionnaire/survey.pdf Graphic file (type pdf)
<use Appendix/questionnaire/survey.pdf, page 4>
Package pdftex.def Info: Appendix/questionnaire/survey.pdf, page4 used on input
 line 123.
(pdftex.def)             Requested size: 837.34409pt x 1184.24384pt.
File: Appendix/questionnaire/survey.pdf Graphic file (type pdf)
<use Appendix/questionnaire/survey.pdf, page 4>
Package pdftex.def Info: Appendix/questionnaire/survey.pdf, page4 used on input
 line 123.
(pdftex.def)             Requested size: 837.34409pt x 1184.24384pt.
File: Appendix/questionnaire/survey.pdf Graphic file (type pdf)
<use Appendix/questionnaire/survey.pdf, page 4>
Package pdftex.def Info: Appendix/questionnaire/survey.pdf, page4 used on input
 line 123.
(pdftex.def)             Requested size: 837.34409pt x 1184.24384pt.
[53 </Users/wrd/Documents/Master Thesis/Thesis/Appendix/questionnaire/survey.pd
f>]
<Appendix/questionnaire/survey.pdf, id=1141, page=5, 597.50786pt x 845.04686pt>
File: Appendix/questionnaire/survey.pdf Graphic file (type pdf)
<use Appendix/questionnaire/survey.pdf, page 5>
Package pdftex.def Info: Appendix/questionnaire/survey.pdf, page5 used on input
 line 123.
(pdftex.def)             Requested size: 837.34409pt x 1184.24384pt.
File: Appendix/questionnaire/survey.pdf Graphic file (type pdf)
<use Appendix/questionnaire/survey.pdf, page 5>
Package pdftex.def Info: Appendix/questionnaire/survey.pdf, page5 used on input
 line 123.
(pdftex.def)             Requested size: 837.34409pt x 1184.24384pt.
File: Appendix/questionnaire/survey.pdf Graphic file (type pdf)
<use Appendix/questionnaire/survey.pdf, page 5>
Package pdftex.def Info: Appendix/questionnaire/survey.pdf, page5 used on input
 line 123.
(pdftex.def)             Requested size: 837.34409pt x 1184.24384pt.
[54 </Users/wrd/Documents/Master Thesis/Thesis/Appendix/questionnaire/survey.pd
f>]
<Appendix/questionnaire/survey.pdf, id=1191, page=6, 597.50786pt x 845.04686pt>
File: Appendix/questionnaire/survey.pdf Graphic file (type pdf)
<use Appendix/questionnaire/survey.pdf, page 6>
Package pdftex.def Info: Appendix/questionnaire/survey.pdf, page6 used on input
 line 123.
(pdftex.def)             Requested size: 837.34409pt x 1184.24384pt.
File: Appendix/questionnaire/survey.pdf Graphic file (type pdf)
<use Appendix/questionnaire/survey.pdf, page 6>
Package pdftex.def Info: Appendix/questionnaire/survey.pdf, page6 used on input
 line 123.
(pdftex.def)             Requested size: 837.34409pt x 1184.24384pt.
File: Appendix/questionnaire/survey.pdf Graphic file (type pdf)
<use Appendix/questionnaire/survey.pdf, page 6>
Package pdftex.def Info: Appendix/questionnaire/survey.pdf, page6 used on input
 line 123.
(pdftex.def)             Requested size: 837.34409pt x 1184.24384pt.
[55 </Users/wrd/Documents/Master Thesis/Thesis/Appendix/questionnaire/survey.pd
f>]
<Appendix/questionnaire/survey_results.pdf, id=1250, 597.50786pt x 845.04686pt>
File: Appendix/questionnaire/survey_results.pdf Graphic file (type pdf)
<use Appendix/questionnaire/survey_results.pdf>
Package pdftex.def Info: Appendix/questionnaire/survey_results.pdf used on inpu
t line 127.
(pdftex.def)             Requested size: 597.5064pt x 845.0448pt.
File: Appendix/questionnaire/survey_results.pdf Graphic file (type pdf)
<use Appendix/questionnaire/survey_results.pdf>
Package pdftex.def Info: Appendix/questionnaire/survey_results.pdf used on inpu
t line 127.
(pdftex.def)             Requested size: 597.5064pt x 845.0448pt.

<Appendix/questionnaire/survey_results.pdf, id=1253, page=1, 597.50786pt x 845.
04686pt>
File: Appendix/questionnaire/survey_results.pdf Graphic file (type pdf)
<use Appendix/questionnaire/survey_results.pdf, page 1>
Package pdftex.def Info: Appendix/questionnaire/survey_results.pdf, page1 used 
on input line 127.
(pdftex.def)             Requested size: 426.79134pt x 603.6108pt.
File: Appendix/questionnaire/survey_results.pdf Graphic file (type pdf)
<use Appendix/questionnaire/survey_results.pdf, page 1>
Package pdftex.def Info: Appendix/questionnaire/survey_results.pdf, page1 used 
on input line 127.
(pdftex.def)             Requested size: 837.34409pt x 1184.24384pt.
File: Appendix/questionnaire/survey_results.pdf Graphic file (type pdf)
<use Appendix/questionnaire/survey_results.pdf, page 1>
Package pdftex.def Info: Appendix/questionnaire/survey_results.pdf, page1 used 
on input line 127.
(pdftex.def)             Requested size: 837.34409pt x 1184.24384pt.
File: Appendix/questionnaire/survey_results.pdf Graphic file (type pdf)
<use Appendix/questionnaire/survey_results.pdf, page 1>
Package pdftex.def Info: Appendix/questionnaire/survey_results.pdf, page1 used 
on input line 127.
(pdftex.def)             Requested size: 837.34409pt x 1184.24384pt.
File: Appendix/questionnaire/survey_results.pdf Graphic file (type pdf)
<use Appendix/questionnaire/survey_results.pdf, page 1>
Package pdftex.def Info: Appendix/questionnaire/survey_results.pdf, page1 used 
on input line 127.
(pdftex.def)             Requested size: 837.34409pt x 1184.24384pt.
[56 </Users/wrd/Documents/Master Thesis/Thesis/Appendix/questionnaire/survey_re
sults.pdf>]
File: Appendix/questionnaire/survey_results.pdf Graphic file (type pdf)
<use Appendix/questionnaire/survey_results.pdf>
Package pdftex.def Info: Appendix/questionnaire/survey_results.pdf used on inpu
t line 128.
(pdftex.def)             Requested size: 597.5064pt x 845.0448pt.
File: Appendix/questionnaire/survey_results.pdf Graphic file (type pdf)
<use Appendix/questionnaire/survey_results.pdf>
Package pdftex.def Info: Appendix/questionnaire/survey_results.pdf used on inpu
t line 128.
(pdftex.def)             Requested size: 597.5064pt x 845.0448pt.

<Appendix/questionnaire/survey_results.pdf, id=1282, page=2, 597.50786pt x 845.
04686pt>
File: Appendix/questionnaire/survey_results.pdf Graphic file (type pdf)
<use Appendix/questionnaire/survey_results.pdf, page 2>
Package pdftex.def Info: Appendix/questionnaire/survey_results.pdf, page2 used 
on input line 128.
(pdftex.def)             Requested size: 426.79134pt x 603.6108pt.
File: Appendix/questionnaire/survey_results.pdf Graphic file (type pdf)
<use Appendix/questionnaire/survey_results.pdf, page 2>
Package pdftex.def Info: Appendix/questionnaire/survey_results.pdf, page2 used 
on input line 128.
(pdftex.def)             Requested size: 837.34409pt x 1184.24384pt.
File: Appendix/questionnaire/survey_results.pdf Graphic file (type pdf)
<use Appendix/questionnaire/survey_results.pdf, page 2>
Package pdftex.def Info: Appendix/questionnaire/survey_results.pdf, page2 used 
on input line 128.
(pdftex.def)             Requested size: 837.34409pt x 1184.24384pt.
File: Appendix/questionnaire/survey_results.pdf Graphic file (type pdf)
<use Appendix/questionnaire/survey_results.pdf, page 2>
Package pdftex.def Info: Appendix/questionnaire/survey_results.pdf, page2 used 
on input line 128.
(pdftex.def)             Requested size: 837.34409pt x 1184.24384pt.
File: Appendix/questionnaire/survey_results.pdf Graphic file (type pdf)
<use Appendix/questionnaire/survey_results.pdf, page 2>
Package pdftex.def Info: Appendix/questionnaire/survey_results.pdf, page2 used 
on input line 128.
(pdftex.def)             Requested size: 837.34409pt x 1184.24384pt.
[57 </Users/wrd/Documents/Master Thesis/Thesis/Appendix/questionnaire/survey_re
sults.pdf>]
<Appendix/questionnaire/survey_results.pdf, id=1287, page=3, 597.50786pt x 845.
04686pt>
File: Appendix/questionnaire/survey_results.pdf Graphic file (type pdf)
<use Appendix/questionnaire/survey_results.pdf, page 3>
Package pdftex.def Info: Appendix/questionnaire/survey_results.pdf, page3 used 
on input line 128.
(pdftex.def)             Requested size: 837.34409pt x 1184.24384pt.
File: Appendix/questionnaire/survey_results.pdf Graphic file (type pdf)
<use Appendix/questionnaire/survey_results.pdf, page 3>
Package pdftex.def Info: Appendix/questionnaire/survey_results.pdf, page3 used 
on input line 128.
(pdftex.def)             Requested size: 837.34409pt x 1184.24384pt.
File: Appendix/questionnaire/survey_results.pdf Graphic file (type pdf)
<use Appendix/questionnaire/survey_results.pdf, page 3>
Package pdftex.def Info: Appendix/questionnaire/survey_results.pdf, page3 used 
on input line 128.
(pdftex.def)             Requested size: 837.34409pt x 1184.24384pt.
[58 </Users/wrd/Documents/Master Thesis/Thesis/Appendix/questionnaire/survey_re
sults.pdf>]
<Appendix/questionnaire/survey_results.pdf, id=1292, page=4, 597.50786pt x 845.
04686pt>
File: Appendix/questionnaire/survey_results.pdf Graphic file (type pdf)
<use Appendix/questionnaire/survey_results.pdf, page 4>
Package pdftex.def Info: Appendix/questionnaire/survey_results.pdf, page4 used 
on input line 128.
(pdftex.def)             Requested size: 837.34409pt x 1184.24384pt.
File: Appendix/questionnaire/survey_results.pdf Graphic file (type pdf)
<use Appendix/questionnaire/survey_results.pdf, page 4>
Package pdftex.def Info: Appendix/questionnaire/survey_results.pdf, page4 used 
on input line 128.
(pdftex.def)             Requested size: 837.34409pt x 1184.24384pt.
File: Appendix/questionnaire/survey_results.pdf Graphic file (type pdf)
<use Appendix/questionnaire/survey_results.pdf, page 4>
Package pdftex.def Info: Appendix/questionnaire/survey_results.pdf, page4 used 
on input line 128.
(pdftex.def)             Requested size: 837.34409pt x 1184.24384pt.
[59 </Users/wrd/Documents/Master Thesis/Thesis/Appendix/questionnaire/survey_re
sults.pdf>]
<Appendix/questionnaire/survey_results.pdf, id=1298, page=5, 597.50786pt x 845.
04686pt>
File: Appendix/questionnaire/survey_results.pdf Graphic file (type pdf)
<use Appendix/questionnaire/survey_results.pdf, page 5>
Package pdftex.def Info: Appendix/questionnaire/survey_results.pdf, page5 used 
on input line 128.
(pdftex.def)             Requested size: 837.34409pt x 1184.24384pt.
File: Appendix/questionnaire/survey_results.pdf Graphic file (type pdf)
<use Appendix/questionnaire/survey_results.pdf, page 5>
Package pdftex.def Info: Appendix/questionnaire/survey_results.pdf, page5 used 
on input line 128.
(pdftex.def)             Requested size: 837.34409pt x 1184.24384pt.
File: Appendix/questionnaire/survey_results.pdf Graphic file (type pdf)
<use Appendix/questionnaire/survey_results.pdf, page 5>
Package pdftex.def Info: Appendix/questionnaire/survey_results.pdf, page5 used 
on input line 128.
(pdftex.def)             Requested size: 837.34409pt x 1184.24384pt.
[60 </Users/wrd/Documents/Master Thesis/Thesis/Appendix/questionnaire/survey_re
sults.pdf>]
<Appendix/questionnaire/survey_results.pdf, id=1304, page=6, 597.50786pt x 845.
04686pt>
File: Appendix/questionnaire/survey_results.pdf Graphic file (type pdf)
<use Appendix/questionnaire/survey_results.pdf, page 6>
Package pdftex.def Info: Appendix/questionnaire/survey_results.pdf, page6 used 
on input line 128.
(pdftex.def)             Requested size: 837.34409pt x 1184.24384pt.
File: Appendix/questionnaire/survey_results.pdf Graphic file (type pdf)
<use Appendix/questionnaire/survey_results.pdf, page 6>
Package pdftex.def Info: Appendix/questionnaire/survey_results.pdf, page6 used 
on input line 128.
(pdftex.def)             Requested size: 837.34409pt x 1184.24384pt.
File: Appendix/questionnaire/survey_results.pdf Graphic file (type pdf)
<use Appendix/questionnaire/survey_results.pdf, page 6>
Package pdftex.def Info: Appendix/questionnaire/survey_results.pdf, page6 used 
on input line 128.
(pdftex.def)             Requested size: 837.34409pt x 1184.24384pt.
[61 </Users/wrd/Documents/Master Thesis/Thesis/Appendix/questionnaire/survey_re
sults.pdf>]
<Appendix/questionnaire/survey_results.pdf, id=1309, page=7, 597.50786pt x 845.
04686pt>
File: Appendix/questionnaire/survey_results.pdf Graphic file (type pdf)
<use Appendix/questionnaire/survey_results.pdf, page 7>
Package pdftex.def Info: Appendix/questionnaire/survey_results.pdf, page7 used 
on input line 128.
(pdftex.def)             Requested size: 837.34409pt x 1184.24384pt.
File: Appendix/questionnaire/survey_results.pdf Graphic file (type pdf)
<use Appendix/questionnaire/survey_results.pdf, page 7>
Package pdftex.def Info: Appendix/questionnaire/survey_results.pdf, page7 used 
on input line 128.
(pdftex.def)             Requested size: 837.34409pt x 1184.24384pt.
File: Appendix/questionnaire/survey_results.pdf Graphic file (type pdf)
<use Appendix/questionnaire/survey_results.pdf, page 7>
Package pdftex.def Info: Appendix/questionnaire/survey_results.pdf, page7 used 
on input line 128.
(pdftex.def)             Requested size: 837.34409pt x 1184.24384pt.
[62 </Users/wrd/Documents/Master Thesis/Thesis/Appendix/questionnaire/survey_re
sults.pdf>]
<Appendix/questionnaire/survey_results.pdf, id=1314, page=8, 597.50786pt x 845.
04686pt>
File: Appendix/questionnaire/survey_results.pdf Graphic file (type pdf)
<use Appendix/questionnaire/survey_results.pdf, page 8>
Package pdftex.def Info: Appendix/questionnaire/survey_results.pdf, page8 used 
on input line 128.
(pdftex.def)             Requested size: 837.34409pt x 1184.24384pt.
File: Appendix/questionnaire/survey_results.pdf Graphic file (type pdf)
<use Appendix/questionnaire/survey_results.pdf, page 8>
Package pdftex.def Info: Appendix/questionnaire/survey_results.pdf, page8 used 
on input line 128.
(pdftex.def)             Requested size: 837.34409pt x 1184.24384pt.
File: Appendix/questionnaire/survey_results.pdf Graphic file (type pdf)
<use Appendix/questionnaire/survey_results.pdf, page 8>
Package pdftex.def Info: Appendix/questionnaire/survey_results.pdf, page8 used 
on input line 128.
(pdftex.def)             Requested size: 837.34409pt x 1184.24384pt.
[63 </Users/wrd/Documents/Master Thesis/Thesis/Appendix/questionnaire/survey_re
sults.pdf>]
<Appendix/questionnaire/survey_results.pdf, id=1319, page=9, 597.50786pt x 845.
04686pt>
File: Appendix/questionnaire/survey_results.pdf Graphic file (type pdf)
<use Appendix/questionnaire/survey_results.pdf, page 9>
Package pdftex.def Info: Appendix/questionnaire/survey_results.pdf, page9 used 
on input line 128.
(pdftex.def)             Requested size: 837.34409pt x 1184.24384pt.
File: Appendix/questionnaire/survey_results.pdf Graphic file (type pdf)
<use Appendix/questionnaire/survey_results.pdf, page 9>
Package pdftex.def Info: Appendix/questionnaire/survey_results.pdf, page9 used 
on input line 128.
(pdftex.def)             Requested size: 837.34409pt x 1184.24384pt.
File: Appendix/questionnaire/survey_results.pdf Graphic file (type pdf)
<use Appendix/questionnaire/survey_results.pdf, page 9>
Package pdftex.def Info: Appendix/questionnaire/survey_results.pdf, page9 used 
on input line 128.
(pdftex.def)             Requested size: 837.34409pt x 1184.24384pt.
[64 </Users/wrd/Documents/Master Thesis/Thesis/Appendix/questionnaire/survey_re
sults.pdf>]
<Appendix/questionnaire/survey_results.pdf, id=1324, page=10, 597.50786pt x 845
.04686pt>
File: Appendix/questionnaire/survey_results.pdf Graphic file (type pdf)
<use Appendix/questionnaire/survey_results.pdf, page 10>
Package pdftex.def Info: Appendix/questionnaire/survey_results.pdf, page10 used
 on input line 128.
(pdftex.def)             Requested size: 837.34409pt x 1184.24384pt.
File: Appendix/questionnaire/survey_results.pdf Graphic file (type pdf)
<use Appendix/questionnaire/survey_results.pdf, page 10>
Package pdftex.def Info: Appendix/questionnaire/survey_results.pdf, page10 used
 on input line 128.
(pdftex.def)             Requested size: 837.34409pt x 1184.24384pt.
File: Appendix/questionnaire/survey_results.pdf Graphic file (type pdf)
<use Appendix/questionnaire/survey_results.pdf, page 10>
Package pdftex.def Info: Appendix/questionnaire/survey_results.pdf, page10 used
 on input line 128.
(pdftex.def)             Requested size: 837.34409pt x 1184.24384pt.
[65 </Users/wrd/Documents/Master Thesis/Thesis/Appendix/questionnaire/survey_re
sults.pdf>]
<Appendix/questionnaire/survey_results.pdf, id=1330, page=11, 597.50786pt x 845
.04686pt>
File: Appendix/questionnaire/survey_results.pdf Graphic file (type pdf)
<use Appendix/questionnaire/survey_results.pdf, page 11>
Package pdftex.def Info: Appendix/questionnaire/survey_results.pdf, page11 used
 on input line 128.
(pdftex.def)             Requested size: 837.34409pt x 1184.24384pt.
File: Appendix/questionnaire/survey_results.pdf Graphic file (type pdf)
<use Appendix/questionnaire/survey_results.pdf, page 11>
Package pdftex.def Info: Appendix/questionnaire/survey_results.pdf, page11 used
 on input line 128.
(pdftex.def)             Requested size: 837.34409pt x 1184.24384pt.
File: Appendix/questionnaire/survey_results.pdf Graphic file (type pdf)
<use Appendix/questionnaire/survey_results.pdf, page 11>
Package pdftex.def Info: Appendix/questionnaire/survey_results.pdf, page11 used
 on input line 128.
(pdftex.def)             Requested size: 837.34409pt x 1184.24384pt.
[66 </Users/wrd/Documents/Master Thesis/Thesis/Appendix/questionnaire/survey_re
sults.pdf>]
<Appendix/questionnaire/survey_results.pdf, id=1335, page=12, 597.50786pt x 845
.04686pt>
File: Appendix/questionnaire/survey_results.pdf Graphic file (type pdf)
<use Appendix/questionnaire/survey_results.pdf, page 12>
Package pdftex.def Info: Appendix/questionnaire/survey_results.pdf, page12 used
 on input line 128.
(pdftex.def)             Requested size: 837.34409pt x 1184.24384pt.
File: Appendix/questionnaire/survey_results.pdf Graphic file (type pdf)
<use Appendix/questionnaire/survey_results.pdf, page 12>
Package pdftex.def Info: Appendix/questionnaire/survey_results.pdf, page12 used
 on input line 128.
(pdftex.def)             Requested size: 837.34409pt x 1184.24384pt.
File: Appendix/questionnaire/survey_results.pdf Graphic file (type pdf)
<use Appendix/questionnaire/survey_results.pdf, page 12>
Package pdftex.def Info: Appendix/questionnaire/survey_results.pdf, page12 used
 on input line 128.
(pdftex.def)             Requested size: 837.34409pt x 1184.24384pt.
[67 </Users/wrd/Documents/Master Thesis/Thesis/Appendix/questionnaire/survey_re
sults.pdf>]
<Appendix/questionnaire/survey_results.pdf, id=1340, page=13, 597.50786pt x 845
.04686pt>
File: Appendix/questionnaire/survey_results.pdf Graphic file (type pdf)
<use Appendix/questionnaire/survey_results.pdf, page 13>
Package pdftex.def Info: Appendix/questionnaire/survey_results.pdf, page13 used
 on input line 128.
(pdftex.def)             Requested size: 837.34409pt x 1184.24384pt.
File: Appendix/questionnaire/survey_results.pdf Graphic file (type pdf)
<use Appendix/questionnaire/survey_results.pdf, page 13>
Package pdftex.def Info: Appendix/questionnaire/survey_results.pdf, page13 used
 on input line 128.
(pdftex.def)             Requested size: 837.34409pt x 1184.24384pt.
File: Appendix/questionnaire/survey_results.pdf Graphic file (type pdf)
<use Appendix/questionnaire/survey_results.pdf, page 13>
Package pdftex.def Info: Appendix/questionnaire/survey_results.pdf, page13 used
 on input line 128.
(pdftex.def)             Requested size: 837.34409pt x 1184.24384pt.
[68 </Users/wrd/Documents/Master Thesis/Thesis/Appendix/questionnaire/survey_re
sults.pdf>]
<Appendix/questionnaire/survey_results.pdf, id=1346, page=14, 597.50786pt x 845
.04686pt>
File: Appendix/questionnaire/survey_results.pdf Graphic file (type pdf)
<use Appendix/questionnaire/survey_results.pdf, page 14>
Package pdftex.def Info: Appendix/questionnaire/survey_results.pdf, page14 used
 on input line 128.
(pdftex.def)             Requested size: 837.34409pt x 1184.24384pt.
File: Appendix/questionnaire/survey_results.pdf Graphic file (type pdf)
<use Appendix/questionnaire/survey_results.pdf, page 14>
Package pdftex.def Info: Appendix/questionnaire/survey_results.pdf, page14 used
 on input line 128.
(pdftex.def)             Requested size: 837.34409pt x 1184.24384pt.
File: Appendix/questionnaire/survey_results.pdf Graphic file (type pdf)
<use Appendix/questionnaire/survey_results.pdf, page 14>
Package pdftex.def Info: Appendix/questionnaire/survey_results.pdf, page14 used
 on input line 128.
(pdftex.def)             Requested size: 837.34409pt x 1184.24384pt.
[69 </Users/wrd/Documents/Master Thesis/Thesis/Appendix/questionnaire/survey_re
sults.pdf>]
<Appendix/questionnaire/survey_results.pdf, id=1351, page=15, 597.50786pt x 845
.04686pt>
File: Appendix/questionnaire/survey_results.pdf Graphic file (type pdf)
<use Appendix/questionnaire/survey_results.pdf, page 15>
Package pdftex.def Info: Appendix/questionnaire/survey_results.pdf, page15 used
 on input line 128.
(pdftex.def)             Requested size: 837.34409pt x 1184.24384pt.
File: Appendix/questionnaire/survey_results.pdf Graphic file (type pdf)
<use Appendix/questionnaire/survey_results.pdf, page 15>
Package pdftex.def Info: Appendix/questionnaire/survey_results.pdf, page15 used
 on input line 128.
(pdftex.def)             Requested size: 837.34409pt x 1184.24384pt.
File: Appendix/questionnaire/survey_results.pdf Graphic file (type pdf)
<use Appendix/questionnaire/survey_results.pdf, page 15>
Package pdftex.def Info: Appendix/questionnaire/survey_results.pdf, page15 used
 on input line 128.
(pdftex.def)             Requested size: 837.34409pt x 1184.24384pt.
[70 </Users/wrd/Documents/Master Thesis/Thesis/Appendix/questionnaire/survey_re
sults.pdf>] <Appendix/questionnaire/user-study.pdf, id=1356, 845.1575pt x 597.2
3125pt>
File: Appendix/questionnaire/user-study.pdf Graphic file (type pdf)
<use Appendix/questionnaire/user-study.pdf>
Package pdftex.def Info: Appendix/questionnaire/user-study.pdf used on input li
ne 132.
(pdftex.def)             Requested size: 845.15544pt x 597.22978pt.
File: Appendix/questionnaire/user-study.pdf Graphic file (type pdf)
<use Appendix/questionnaire/user-study.pdf>
Package pdftex.def Info: Appendix/questionnaire/user-study.pdf used on input li
ne 132.
(pdftex.def)             Requested size: 845.15544pt x 597.22978pt.

<Appendix/questionnaire/user-study.pdf, id=1359, page=1, 845.1575pt x 597.23125
pt>
File: Appendix/questionnaire/user-study.pdf Graphic file (type pdf)
<use Appendix/questionnaire/user-study.pdf, page 1>
Package pdftex.def Info: Appendix/questionnaire/user-study.pdf, page1 used on i
nput line 132.
(pdftex.def)             Requested size: 845.15544pt x 597.22978pt.
File: Appendix/questionnaire/user-study.pdf Graphic file (type pdf)
<use Appendix/questionnaire/user-study.pdf, page 1>
Package pdftex.def Info: Appendix/questionnaire/user-study.pdf, page1 used on i
nput line 132.
(pdftex.def)             Requested size: 845.15544pt x 597.22978pt.
File: Appendix/questionnaire/user-study.pdf Graphic file (type pdf)
<use Appendix/questionnaire/user-study.pdf, page 1>
Package pdftex.def Info: Appendix/questionnaire/user-study.pdf, page1 used on i
nput line 132.
(pdftex.def)             Requested size: 845.15544pt x 597.22978pt.
File: Appendix/questionnaire/user-study.pdf Graphic file (type pdf)
<use Appendix/questionnaire/user-study.pdf, page 1>
Package pdftex.def Info: Appendix/questionnaire/user-study.pdf, page1 used on i
nput line 132.
(pdftex.def)             Requested size: 845.15544pt x 597.22978pt.
File: Appendix/questionnaire/user-study.pdf Graphic file (type pdf)
<use Appendix/questionnaire/user-study.pdf, page 1>
Package pdftex.def Info: Appendix/questionnaire/user-study.pdf, page1 used on i
nput line 132.
(pdftex.def)             Requested size: 845.15544pt x 597.22978pt.
[71 </Users/wrd/Documents/Master Thesis/Thesis/Appendix/questionnaire/user-stud
y.pdf>] <Appendix/questionnaire/click_heatmap.jpg, id=1371, 1003.75pt x 664.482
5pt>
File: Appendix/questionnaire/click_heatmap.jpg Graphic file (type jpg)
<use Appendix/questionnaire/click_heatmap.jpg>
Package pdftex.def Info: Appendix/questionnaire/click_heatmap.jpg used on input
 line 139.
(pdftex.def)             Requested size: 554.83003pt x 367.31183pt.
[72

 </Users/wrd/Documents/Master Thesis/Thesis/Appendix/questionnaire/click_heatma
p.jpg>]
<Appendix/questionnaire/eye-tracking_heatmap.jpg, id=1377, 1003.75pt x 664.4825
pt>
File: Appendix/questionnaire/eye-tracking_heatmap.jpg Graphic file (type jpg)
<use Appendix/questionnaire/eye-tracking_heatmap.jpg>
Package pdftex.def Info: Appendix/questionnaire/eye-tracking_heatmap.jpg used o
n input line 147.
(pdftex.def)             Requested size: 554.83003pt x 367.31183pt.
) [73 </Users/wrd/Documents/Master Thesis/Thesis/Appendix/questionnaire/eye-tra
cking_heatmap.jpg>] [74

]
Package atveryend Info: Empty hook `BeforeClearDocument' on input line 316.
[75]
Package atveryend Info: Empty hook `AfterLastShipout' on input line 316.
(/Users/wrd/Documents/Master Thesis/Thesis/medieninformatik-arbeit.aux)
Package atveryend Info: Executing hook `AtVeryEndDocument' on input line 316.
Package atveryend Info: Executing hook `AtEndAfterFileList' on input line 316.
Package rerunfilecheck Info: File `medieninformatik-arbeit.out' has not changed
.
(rerunfilecheck)             Checksum: 9512D700A4974191EF0C0E9CD4486EFA;3488.
Package atveryend Info: Empty hook `AtVeryVeryEnd' on input line 316.
 ) 
Here is how much of TeX's memory you used:
 10364 strings out of 493117
 163717 string characters out of 6135432
 247809 words of memory out of 5000000
 13333 multiletter control sequences out of 15000+600000
 42532 words of font info for 56 fonts, out of 8000000 for 9000
 1141 hyphenation exceptions out of 8191
 45i,20n,55p,2617b,566s stack positions out of 5000i,500n,10000p,200000b,80000s
{/usr/local/texlive/2014/texmf-dist/fonts/enc/dvips/cm-super/cm-super-t1.enc}
{/usr/local/texlive/2014/texmf-dist/fonts/enc/dvips/base/8r.enc}</usr/local/tex
live/2014/texmf-dist/fonts/type1/public/amsfonts/cm/cmsy10.pfb></usr/local/texl
ive/2014/texmf-dist/fonts/type1/public/eurosym/feymr10.pfb></usr/local/texlive/
2014/texmf-dist/fonts/type1/public/cm-super/sftt1095.pfb></usr/local/texlive/20
14/texmf-dist/fonts/type1/urw/times/utmb8a.pfb></usr/local/texlive/2014/texmf-d
ist/fonts/type1/urw/times/utmr8a.pfb></usr/local/texlive/2014/texmf-dist/fonts/
type1/urw/times/utmri8a.pfb>
Output written on "/Users/wrd/Documents/Master Thesis/Thesis/medieninformatik-a
rbeit.pdf" (83 pages, 12803398 bytes).
PDF statistics:
 1477 PDF objects out of 1728 (max. 8388607)
 1182 compressed objects within 12 object streams
 249 named destinations out of 1000 (max. 500000)
 819 words of extra memory for PDF output out of 10000 (max. 10000000)

